<?xml version="1.0" encoding="UTF-8"?>
<!-- Generated by org.testng.reporters.JUnitReportReporter -->
<testsuite hostname="BLR1-LHP-N08700" name="TestCases.PopularShowsTestCase" tests="1" failures="0" timestamp="8 Sep 2019 16:12:54 GMT" time="19.369" errors="0">
  <testcase name="verifyPopularShows" time="19.369" classname="TestCases.PopularShowsTestCase"/>
</testsuite> <!-- TestCases.PopularShowsTestCase -->
