<?xml version="1.0" encoding="UTF-8"?>
<!-- Generated by org.testng.reporters.JUnitReportReporter -->
<testsuite hostname="BLR1-LHP-N08700" name="TestCases.ApolloTestCase" tests="1" failures="0" timestamp="8 Sep 2019 16:07:55 GMT" time="16.697" errors="0">
  <testcase name="checkApolloShows" time="16.697" classname="TestCases.ApolloTestCase"/>
</testsuite> <!-- TestCases.ApolloTestCase -->
